-------------------------------------------------------------------------------
Test set: TestSuite
-------------------------------------------------------------------------------
Tests run: 1, Failures: 1, Errors: 0, Skipped: 0, Time elapsed: 1.754 s <<< FAILURE! - in TestSuite
TestRunner.runScenario["User should be able to signin with valid credentials", "Signin Feature"](1)  Time elapsed: 0.144 s  <<< FAILURE!
java.lang.NullPointerException: Cannot invoke "String.equalsIgnoreCase(String)" because "driverType" is null
	at base.Config.setupBrowser(Config.java:17)
	at stepDef.Hook.beforeEachTest(Hook.java:16)

