<?xml version="1.0" encoding="UTF-8"?>
<testng-results ignored="0" total="1" passed="0" failed="1" skipped="0">
  <reporter-output>
  </reporter-output>
  <suite started-at="2023-04-16T13:16:18 EDT" name="Surefire suite" finished-at="2023-04-16T13:16:18 EDT" duration-ms="923">
    <groups>
      <group name="cucumber">
        <method signature="AbstractTestNGCucumberTests.runScenario(io.cucumber.testng.PickleWrapper,io.cucumber.testng.FeatureWrapper)[pri:0, instance:TestRunner@1b1473ab]" name="runScenario" class="io.cucumber.testng.AbstractTestNGCucumberTests"/>
      </group> <!-- cucumber -->
    </groups>
    <test started-at="2023-04-16T13:16:18 EDT" name="Surefire test" finished-at="2023-04-16T13:16:18 EDT" duration-ms="923">
      <class name="TestRunner">
        <test-method is-config="true" signature="setUpClass(org.testng.ITestContext)[pri:0, instance:TestRunner@1b1473ab]" started-at="2023-04-16T13:16:18 EDT" name="setUpClass" finished-at="2023-04-16T13:16:18 EDT" duration-ms="357" status="PASS">
          <params>
            <param index="0">
              <value>
                <![CDATA[org.testng.TestRunner@4135c3b]]>
              </value>
            </param>
          </params>
          <reporter-output>
          </reporter-output>
        </test-method> <!-- setUpClass -->
        <test-method signature="runScenario(io.cucumber.testng.PickleWrapper,io.cucumber.testng.FeatureWrapper)[pri:0, instance:TestRunner@1b1473ab]" started-at="2023-04-16T13:16:18 EDT" name="runScenario" description="Runs Cucumber Scenarios" data-provider="scenarios" finished-at="2023-04-16T13:16:18 EDT" duration-ms="142" status="FAIL">
          <params>
            <param index="0">
              <value>
                <![CDATA["User should be able to signin with valid credentials"]]>
              </value>
            </param>
            <param index="1">
              <value>
                <![CDATA["Signin Feature"]]>
              </value>
            </param>
          </params>
          <exception class="java.lang.NullPointerException">
            <message>
              <![CDATA[Cannot invoke "String.equalsIgnoreCase(String)" because "driverType" is null]]>
            </message>
            <full-stacktrace>
              <![CDATA[java.lang.NullPointerException: Cannot invoke "String.equalsIgnoreCase(String)" because "driverType" is null
at base.Config.setupBrowser(Config.java:17)
at stepDef.Hook.beforeEachTest(Hook.java:16)
]]>
            </full-stacktrace>
          </exception> <!-- java.lang.NullPointerException -->
          <reporter-output>
          </reporter-output>
        </test-method> <!-- runScenario -->
        <test-method is-config="true" signature="tearDownClass()[pri:0, instance:TestRunner@1b1473ab]" started-at="2023-04-16T13:16:18 EDT" name="tearDownClass" finished-at="2023-04-16T13:16:18 EDT" duration-ms="364" status="PASS">
          <reporter-output>
          </reporter-output>
        </test-method> <!-- tearDownClass -->
      </class> <!-- TestRunner -->
    </test> <!-- Surefire test -->
  </suite> <!-- Surefire suite -->
</testng-results>
